[1.456s] Invoking command in '/home/spark/robot_ws/build/m_pubsub': PYTHONPATH=/home/spark/robot_ws/build/m_pubsub/prefix_override:/home/spark/robot_ws/install/m_pubsub/lib/python3.8/site-packages:${PYTHONPATH} /usr/bin/python3 setup.py develop --editable --build-directory /home/spark/robot_ws/build/m_pubsub/build --no-deps install_data
[1.857s] running develop
[2.114s] running egg_info
[2.115s] writing m_pubsub.egg-info/PKG-INFO
[2.116s] writing dependency_links to m_pubsub.egg-info/dependency_links.txt
[2.117s] writing entry points to m_pubsub.egg-info/entry_points.txt
[2.118s] writing requirements to m_pubsub.egg-info/requires.txt
[2.118s] writing top-level names to m_pubsub.egg-info/top_level.txt
[2.165s] reading manifest file 'm_pubsub.egg-info/SOURCES.txt'
[2.166s] writing manifest file 'm_pubsub.egg-info/SOURCES.txt'
[2.219s] running build_ext
[2.219s] Creating /home/spark/robot_ws/install/m_pubsub/lib/python3.8/site-packages/m-pubsub.egg-link (link to .)
[2.222s] Installing met script to /home/spark/robot_ws/install/m_pubsub/lib/m_pubsub
[2.223s] Installing metp script to /home/spark/robot_ws/install/m_pubsub/lib/m_pubsub
[2.223s] Installing mp script to /home/spark/robot_ws/install/m_pubsub/lib/m_pubsub
[2.223s] Installing ms script to /home/spark/robot_ws/install/m_pubsub/lib/m_pubsub
[2.224s] Installing mt script to /home/spark/robot_ws/install/m_pubsub/lib/m_pubsub
[2.224s] 
[2.225s] Installed /home/spark/robot_ws/build/m_pubsub
[2.225s] running install_data
[2.259s] Invoked command in '/home/spark/robot_ws/build/m_pubsub' returned '0': PYTHONPATH=/home/spark/robot_ws/build/m_pubsub/prefix_override:/home/spark/robot_ws/install/m_pubsub/lib/python3.8/site-packages:${PYTHONPATH} /usr/bin/python3 setup.py develop --editable --build-directory /home/spark/robot_ws/build/m_pubsub/build --no-deps install_data
