[0.836s] Invoking command in '/home/spark/robot_ws/build/m_pubsub': PYTHONPATH=/home/spark/robot_ws/build/m_pubsub/prefix_override:/home/spark/robot_ws/install/m_pubsub/lib/python3.8/site-packages:${PYTHONPATH} /usr/bin/python3 setup.py develop --editable --build-directory /home/spark/robot_ws/build/m_pubsub/build --no-deps install_data
[1.115s] running develop
[1.285s] running egg_info
[1.286s] writing m_pubsub.egg-info/PKG-INFO
[1.286s] writing dependency_links to m_pubsub.egg-info/dependency_links.txt
[1.286s] writing entry points to m_pubsub.egg-info/entry_points.txt
[1.287s] writing requirements to m_pubsub.egg-info/requires.txt
[1.287s] writing top-level names to m_pubsub.egg-info/top_level.txt
[1.327s] reading manifest file 'm_pubsub.egg-info/SOURCES.txt'
[1.328s] writing manifest file 'm_pubsub.egg-info/SOURCES.txt'
[1.370s] running build_ext
[1.370s] Creating /home/spark/robot_ws/install/m_pubsub/lib/python3.8/site-packages/m-pubsub.egg-link (link to .)
[1.371s] Installing met script to /home/spark/robot_ws/install/m_pubsub/lib/m_pubsub
[1.372s] Installing metp script to /home/spark/robot_ws/install/m_pubsub/lib/m_pubsub
[1.372s] Installing mp script to /home/spark/robot_ws/install/m_pubsub/lib/m_pubsub
[1.372s] Installing ms script to /home/spark/robot_ws/install/m_pubsub/lib/m_pubsub
[1.372s] 
[1.372s] Installed /home/spark/robot_ws/build/m_pubsub
[1.372s] running install_data
[1.402s] Invoked command in '/home/spark/robot_ws/build/m_pubsub' returned '0': PYTHONPATH=/home/spark/robot_ws/build/m_pubsub/prefix_override:/home/spark/robot_ws/install/m_pubsub/lib/python3.8/site-packages:${PYTHONPATH} /usr/bin/python3 setup.py develop --editable --build-directory /home/spark/robot_ws/build/m_pubsub/build --no-deps install_data
