[1.332s] Invoking command in '/home/spark/robot_ws/build/m_pubsub': PYTHONPATH=/home/spark/robot_ws/build/m_pubsub/prefix_override:/home/spark/robot_ws/install/m_pubsub/lib/python3.8/site-packages:${PYTHONPATH} /usr/bin/python3 setup.py develop --editable --build-directory /home/spark/robot_ws/build/m_pubsub/build --no-deps install_data
[1.699s] running develop
[1.915s] running egg_info
[1.916s] writing m_pubsub.egg-info/PKG-INFO
[1.917s] writing dependency_links to m_pubsub.egg-info/dependency_links.txt
[1.917s] writing entry points to m_pubsub.egg-info/entry_points.txt
[1.918s] writing requirements to m_pubsub.egg-info/requires.txt
[1.919s] writing top-level names to m_pubsub.egg-info/top_level.txt
[1.963s] reading manifest file 'm_pubsub.egg-info/SOURCES.txt'
[1.965s] writing manifest file 'm_pubsub.egg-info/SOURCES.txt'
[2.011s] running build_ext
[2.012s] Creating /home/spark/robot_ws/install/m_pubsub/lib/python3.8/site-packages/m-pubsub.egg-link (link to .)
[2.014s] Installing met script to /home/spark/robot_ws/install/m_pubsub/lib/m_pubsub
[2.014s] Installing metp script to /home/spark/robot_ws/install/m_pubsub/lib/m_pubsub
[2.015s] Installing mp script to /home/spark/robot_ws/install/m_pubsub/lib/m_pubsub
[2.015s] Installing ms script to /home/spark/robot_ws/install/m_pubsub/lib/m_pubsub
[2.016s] Installing mt script to /home/spark/robot_ws/install/m_pubsub/lib/m_pubsub
[2.017s] 
[2.017s] Installed /home/spark/robot_ws/build/m_pubsub
[2.017s] running install_data
[2.068s] Invoked command in '/home/spark/robot_ws/build/m_pubsub' returned '0': PYTHONPATH=/home/spark/robot_ws/build/m_pubsub/prefix_override:/home/spark/robot_ws/install/m_pubsub/lib/python3.8/site-packages:${PYTHONPATH} /usr/bin/python3 setup.py develop --editable --build-directory /home/spark/robot_ws/build/m_pubsub/build --no-deps install_data
