[0.836s] Invoking command in '/home/spark/robot_ws/build/m_pubsub': PYTHONPATH=/home/spark/robot_ws/build/m_pubsub/prefix_override:/home/spark/robot_ws/install/m_pubsub/lib/python3.8/site-packages:${PYTHONPATH} /usr/bin/python3 setup.py develop --editable --build-directory /home/spark/robot_ws/build/m_pubsub/build --no-deps install_data
[1.123s] running develop
[1.311s] running egg_info
[1.312s] writing m_pubsub.egg-info/PKG-INFO
[1.313s] writing dependency_links to m_pubsub.egg-info/dependency_links.txt
[1.314s] writing entry points to m_pubsub.egg-info/entry_points.txt
[1.315s] writing requirements to m_pubsub.egg-info/requires.txt
[1.316s] writing top-level names to m_pubsub.egg-info/top_level.txt
[1.357s] reading manifest file 'm_pubsub.egg-info/SOURCES.txt'
[1.358s] writing manifest file 'm_pubsub.egg-info/SOURCES.txt'
[1.401s] running build_ext
[1.402s] Creating /home/spark/robot_ws/install/m_pubsub/lib/python3.8/site-packages/m-pubsub.egg-link (link to .)
[1.403s] Installing met script to /home/spark/robot_ws/install/m_pubsub/lib/m_pubsub
[1.403s] Installing metp script to /home/spark/robot_ws/install/m_pubsub/lib/m_pubsub
[1.404s] Installing mp script to /home/spark/robot_ws/install/m_pubsub/lib/m_pubsub
[1.404s] Installing ms script to /home/spark/robot_ws/install/m_pubsub/lib/m_pubsub
[1.405s] Installing mt script to /home/spark/robot_ws/install/m_pubsub/lib/m_pubsub
[1.405s] 
[1.406s] Installed /home/spark/robot_ws/build/m_pubsub
[1.406s] running install_data
[1.442s] Invoked command in '/home/spark/robot_ws/build/m_pubsub' returned '0': PYTHONPATH=/home/spark/robot_ws/build/m_pubsub/prefix_override:/home/spark/robot_ws/install/m_pubsub/lib/python3.8/site-packages:${PYTHONPATH} /usr/bin/python3 setup.py develop --editable --build-directory /home/spark/robot_ws/build/m_pubsub/build --no-deps install_data
