[0.961s] Invoking command in '/home/spark/robot_ws/build/m_pubsub': PYTHONPATH=/home/spark/robot_ws/build/m_pubsub/prefix_override:/home/spark/robot_ws/install/m_pubsub/lib/python3.8/site-packages:${PYTHONPATH} /usr/bin/python3 setup.py develop --editable --build-directory /home/spark/robot_ws/build/m_pubsub/build --no-deps install_data
[1.296s] running develop
[1.473s] running egg_info
[1.473s] writing m_pubsub.egg-info/PKG-INFO
[1.474s] writing dependency_links to m_pubsub.egg-info/dependency_links.txt
[1.474s] writing entry points to m_pubsub.egg-info/entry_points.txt
[1.475s] writing requirements to m_pubsub.egg-info/requires.txt
[1.475s] writing top-level names to m_pubsub.egg-info/top_level.txt
[1.518s] reading manifest file 'm_pubsub.egg-info/SOURCES.txt'
[1.520s] writing manifest file 'm_pubsub.egg-info/SOURCES.txt'
[1.563s] running build_ext
[1.564s] Creating /home/spark/robot_ws/install/m_pubsub/lib/python3.8/site-packages/m-pubsub.egg-link (link to .)
[1.565s] Installing met script to /home/spark/robot_ws/install/m_pubsub/lib/m_pubsub
[1.566s] Installing metp script to /home/spark/robot_ws/install/m_pubsub/lib/m_pubsub
[1.566s] Installing mp script to /home/spark/robot_ws/install/m_pubsub/lib/m_pubsub
[1.566s] Installing ms script to /home/spark/robot_ws/install/m_pubsub/lib/m_pubsub
[1.567s] Installing mt script to /home/spark/robot_ws/install/m_pubsub/lib/m_pubsub
[1.567s] 
[1.567s] Installed /home/spark/robot_ws/build/m_pubsub
[1.567s] running install_data
[1.600s] Invoked command in '/home/spark/robot_ws/build/m_pubsub' returned '0': PYTHONPATH=/home/spark/robot_ws/build/m_pubsub/prefix_override:/home/spark/robot_ws/install/m_pubsub/lib/python3.8/site-packages:${PYTHONPATH} /usr/bin/python3 setup.py develop --editable --build-directory /home/spark/robot_ws/build/m_pubsub/build --no-deps install_data
