[0.939s] Invoking command in '/home/spark/robot_ws/build/m_pubsub': PYTHONPATH=/home/spark/robot_ws/build/m_pubsub/prefix_override:/home/spark/robot_ws/install/m_pubsub/lib/python3.8/site-packages:${PYTHONPATH} /usr/bin/python3 setup.py develop --editable --build-directory /home/spark/robot_ws/build/m_pubsub/build --no-deps install_data
[1.236s] running develop
[1.416s] running egg_info
[1.416s] writing m_pubsub.egg-info/PKG-INFO
[1.416s] writing dependency_links to m_pubsub.egg-info/dependency_links.txt
[1.417s] writing entry points to m_pubsub.egg-info/entry_points.txt
[1.417s] writing requirements to m_pubsub.egg-info/requires.txt
[1.418s] writing top-level names to m_pubsub.egg-info/top_level.txt
[1.462s] reading manifest file 'm_pubsub.egg-info/SOURCES.txt'
[1.463s] writing manifest file 'm_pubsub.egg-info/SOURCES.txt'
[1.504s] running build_ext
[1.505s] Creating /home/spark/robot_ws/install/m_pubsub/lib/python3.8/site-packages/m-pubsub.egg-link (link to .)
[1.507s] Installing met script to /home/spark/robot_ws/install/m_pubsub/lib/m_pubsub
[1.507s] Installing metp script to /home/spark/robot_ws/install/m_pubsub/lib/m_pubsub
[1.508s] Installing mp script to /home/spark/robot_ws/install/m_pubsub/lib/m_pubsub
[1.508s] Installing ms script to /home/spark/robot_ws/install/m_pubsub/lib/m_pubsub
[1.509s] Installing mt script to /home/spark/robot_ws/install/m_pubsub/lib/m_pubsub
[1.509s] 
[1.509s] Installed /home/spark/robot_ws/build/m_pubsub
[1.509s] running install_data
[1.539s] Invoked command in '/home/spark/robot_ws/build/m_pubsub' returned '0': PYTHONPATH=/home/spark/robot_ws/build/m_pubsub/prefix_override:/home/spark/robot_ws/install/m_pubsub/lib/python3.8/site-packages:${PYTHONPATH} /usr/bin/python3 setup.py develop --editable --build-directory /home/spark/robot_ws/build/m_pubsub/build --no-deps install_data
