running develop
running egg_info
creating m_pubsub.egg-info
writing m_pubsub.egg-info/PKG-INFO
writing dependency_links to m_pubsub.egg-info/dependency_links.txt
writing entry points to m_pubsub.egg-info/entry_points.txt
writing requirements to m_pubsub.egg-info/requires.txt
writing top-level names to m_pubsub.egg-info/top_level.txt
writing manifest file 'm_pubsub.egg-info/SOURCES.txt'
reading manifest file 'm_pubsub.egg-info/SOURCES.txt'
writing manifest file 'm_pubsub.egg-info/SOURCES.txt'
running build_ext
Creating /home/spark/robot_ws/install/m_pubsub/lib/python3.8/site-packages/site.py
Creating /home/spark/robot_ws/install/m_pubsub/lib/python3.8/site-packages/m-pubsub.egg-link (link to .)
Installing mp = m_pubsub.mpub:main ms script to /home/spark/robot_ws/install/m_pubsub/lib/m_pubsub

Installed /home/spark/robot_ws/build/m_pubsub
running install_data
creating /home/spark/robot_ws/install/m_pubsub/share/ament_index
creating /home/spark/robot_ws/install/m_pubsub/share/ament_index/resource_index
creating /home/spark/robot_ws/install/m_pubsub/share/ament_index/resource_index/packages
copying resource/m_pubsub -> /home/spark/robot_ws/install/m_pubsub/share/ament_index/resource_index/packages
copying package.xml -> /home/spark/robot_ws/install/m_pubsub/share/m_pubsub
