running develop
running egg_info
creating move_turtle_pkg.egg-info
writing move_turtle_pkg.egg-info/PKG-INFO
writing dependency_links to move_turtle_pkg.egg-info/dependency_links.txt
writing entry points to move_turtle_pkg.egg-info/entry_points.txt
writing requirements to move_turtle_pkg.egg-info/requires.txt
writing top-level names to move_turtle_pkg.egg-info/top_level.txt
writing manifest file 'move_turtle_pkg.egg-info/SOURCES.txt'
reading manifest file 'move_turtle_pkg.egg-info/SOURCES.txt'
writing manifest file 'move_turtle_pkg.egg-info/SOURCES.txt'
running build_ext
Creating /home/spark/robot_ws/install/move_turtle_pkg/lib/python3.8/site-packages/site.py
Creating /home/spark/robot_ws/install/move_turtle_pkg/lib/python3.8/site-packages/move-turtle-pkg.egg-link (link to .)
Installing move_turtle script to /home/spark/robot_ws/install/move_turtle_pkg/lib/move_turtle_pkg

Installed /home/spark/robot_ws/build/move_turtle_pkg
running install_data
creating /home/spark/robot_ws/install/move_turtle_pkg/share/ament_index
creating /home/spark/robot_ws/install/move_turtle_pkg/share/ament_index/resource_index
creating /home/spark/robot_ws/install/move_turtle_pkg/share/ament_index/resource_index/packages
copying resource/move_turtle_pkg -> /home/spark/robot_ws/install/move_turtle_pkg/share/ament_index/resource_index/packages
copying package.xml -> /home/spark/robot_ws/install/move_turtle_pkg/share/move_turtle_pkg
