[1.213s] Invoking command in '/home/spark/robot_ws/build/move_turtle_pkg': PYTHONPATH=/home/spark/robot_ws/build/move_turtle_pkg/prefix_override:/home/spark/robot_ws/install/move_turtle_pkg/lib/python3.8/site-packages:${PYTHONPATH} /usr/bin/python3 setup.py develop --editable --build-directory /home/spark/robot_ws/build/move_turtle_pkg/build --no-deps install_data
[1.527s] running develop
[1.705s] running egg_info
[1.705s] creating move_turtle_pkg.egg-info
[1.706s] writing move_turtle_pkg.egg-info/PKG-INFO
[1.707s] writing dependency_links to move_turtle_pkg.egg-info/dependency_links.txt
[1.707s] writing entry points to move_turtle_pkg.egg-info/entry_points.txt
[1.707s] writing requirements to move_turtle_pkg.egg-info/requires.txt
[1.707s] writing top-level names to move_turtle_pkg.egg-info/top_level.txt
[1.710s] writing manifest file 'move_turtle_pkg.egg-info/SOURCES.txt'
[1.750s] reading manifest file 'move_turtle_pkg.egg-info/SOURCES.txt'
[1.751s] writing manifest file 'move_turtle_pkg.egg-info/SOURCES.txt'
[1.793s] running build_ext
[1.794s] Creating /home/spark/robot_ws/install/move_turtle_pkg/lib/python3.8/site-packages/site.py
[1.796s] Creating /home/spark/robot_ws/install/move_turtle_pkg/lib/python3.8/site-packages/move-turtle-pkg.egg-link (link to .)
[1.798s] Installing move_turtle script to /home/spark/robot_ws/install/move_turtle_pkg/lib/move_turtle_pkg
[1.798s] 
[1.799s] Installed /home/spark/robot_ws/build/move_turtle_pkg
[1.800s] running install_data
[1.800s] creating /home/spark/robot_ws/install/move_turtle_pkg/share/ament_index
[1.800s] creating /home/spark/robot_ws/install/move_turtle_pkg/share/ament_index/resource_index
[1.800s] creating /home/spark/robot_ws/install/move_turtle_pkg/share/ament_index/resource_index/packages
[1.801s] copying resource/move_turtle_pkg -> /home/spark/robot_ws/install/move_turtle_pkg/share/ament_index/resource_index/packages
[1.801s] copying package.xml -> /home/spark/robot_ws/install/move_turtle_pkg/share/move_turtle_pkg
[1.828s] Invoked command in '/home/spark/robot_ws/build/move_turtle_pkg' returned '0': PYTHONPATH=/home/spark/robot_ws/build/move_turtle_pkg/prefix_override:/home/spark/robot_ws/install/move_turtle_pkg/lib/python3.8/site-packages:${PYTHONPATH} /usr/bin/python3 setup.py develop --editable --build-directory /home/spark/robot_ws/build/move_turtle_pkg/build --no-deps install_data
