[1.350s] Invoking command in '/home/spark/robot_ws/build/m_pubsub': PYTHONPATH=/home/spark/robot_ws/build/m_pubsub/prefix_override:/home/spark/robot_ws/install/m_pubsub/lib/python3.8/site-packages:${PYTHONPATH} /usr/bin/python3 setup.py develop --editable --build-directory /home/spark/robot_ws/build/m_pubsub/build --no-deps install_data
[1.712s] running develop
[1.938s] running egg_info
[1.938s] writing m_pubsub.egg-info/PKG-INFO
[1.939s] writing dependency_links to m_pubsub.egg-info/dependency_links.txt
[1.940s] writing entry points to m_pubsub.egg-info/entry_points.txt
[1.940s] writing requirements to m_pubsub.egg-info/requires.txt
[1.941s] writing top-level names to m_pubsub.egg-info/top_level.txt
[1.997s] reading manifest file 'm_pubsub.egg-info/SOURCES.txt'
[2.002s] writing manifest file 'm_pubsub.egg-info/SOURCES.txt'
[2.054s] running build_ext
[2.054s] Creating /home/spark/robot_ws/install/m_pubsub/lib/python3.8/site-packages/m-pubsub.egg-link (link to .)
[2.054s] Installing met script to /home/spark/robot_ws/install/m_pubsub/lib/m_pubsub
[2.055s] Installing metp script to /home/spark/robot_ws/install/m_pubsub/lib/m_pubsub
[2.055s] Installing mp script to /home/spark/robot_ws/install/m_pubsub/lib/m_pubsub
[2.055s] Installing ms script to /home/spark/robot_ws/install/m_pubsub/lib/m_pubsub
[2.055s] Installing mt script to /home/spark/robot_ws/install/m_pubsub/lib/m_pubsub
[2.055s] 
[2.055s] Installed /home/spark/robot_ws/build/m_pubsub
[2.055s] running install_data
[2.086s] Invoked command in '/home/spark/robot_ws/build/m_pubsub' returned '0': PYTHONPATH=/home/spark/robot_ws/build/m_pubsub/prefix_override:/home/spark/robot_ws/install/m_pubsub/lib/python3.8/site-packages:${PYTHONPATH} /usr/bin/python3 setup.py develop --editable --build-directory /home/spark/robot_ws/build/m_pubsub/build --no-deps install_data
