running develop
running egg_info
creating my_first_ros_rclpy_pkg.egg-info
writing my_first_ros_rclpy_pkg.egg-info/PKG-INFO
writing dependency_links to my_first_ros_rclpy_pkg.egg-info/dependency_links.txt
writing entry points to my_first_ros_rclpy_pkg.egg-info/entry_points.txt
writing requirements to my_first_ros_rclpy_pkg.egg-info/requires.txt
writing top-level names to my_first_ros_rclpy_pkg.egg-info/top_level.txt
writing manifest file 'my_first_ros_rclpy_pkg.egg-info/SOURCES.txt'
reading manifest file 'my_first_ros_rclpy_pkg.egg-info/SOURCES.txt'
writing manifest file 'my_first_ros_rclpy_pkg.egg-info/SOURCES.txt'
running build_ext
Creating /home/spark/robot_ws/install/my_first_ros_rclpy_pkg/lib/python3.8/site-packages/site.py
Creating /home/spark/robot_ws/install/my_first_ros_rclpy_pkg/lib/python3.8/site-packages/my-first-ros-rclpy-pkg.egg-link (link to .)

Installed /home/spark/robot_ws/build/my_first_ros_rclpy_pkg
running install_data
creating /home/spark/robot_ws/install/my_first_ros_rclpy_pkg/share/ament_index
creating /home/spark/robot_ws/install/my_first_ros_rclpy_pkg/share/ament_index/resource_index
creating /home/spark/robot_ws/install/my_first_ros_rclpy_pkg/share/ament_index/resource_index/packages
copying resource/my_first_ros_rclpy_pkg -> /home/spark/robot_ws/install/my_first_ros_rclpy_pkg/share/ament_index/resource_index/packages
copying package.xml -> /home/spark/robot_ws/install/my_first_ros_rclpy_pkg/share/my_first_ros_rclpy_pkg
