[2.236s] Invoking command in '/home/spark/robot_ws/build/my_first_ros_rclpy_pkg': PYTHONPATH=/home/spark/robot_ws/build/my_first_ros_rclpy_pkg/prefix_override:/home/spark/robot_ws/install/my_first_ros_rclpy_pkg/lib/python3.8/site-packages:${PYTHONPATH} /usr/bin/python3 setup.py develop --editable --build-directory /home/spark/robot_ws/build/my_first_ros_rclpy_pkg/build --no-deps install_data
[3.142s] running develop
[3.668s] running egg_info
[3.668s] creating my_first_ros_rclpy_pkg.egg-info
[3.671s] writing my_first_ros_rclpy_pkg.egg-info/PKG-INFO
[3.672s] writing dependency_links to my_first_ros_rclpy_pkg.egg-info/dependency_links.txt
[3.672s] writing entry points to my_first_ros_rclpy_pkg.egg-info/entry_points.txt
[3.672s] writing requirements to my_first_ros_rclpy_pkg.egg-info/requires.txt
[3.673s] writing top-level names to my_first_ros_rclpy_pkg.egg-info/top_level.txt
[3.680s] writing manifest file 'my_first_ros_rclpy_pkg.egg-info/SOURCES.txt'
[3.771s] reading manifest file 'my_first_ros_rclpy_pkg.egg-info/SOURCES.txt'
[3.775s] writing manifest file 'my_first_ros_rclpy_pkg.egg-info/SOURCES.txt'
[3.908s] running build_ext
[3.912s] Creating /home/spark/robot_ws/install/my_first_ros_rclpy_pkg/lib/python3.8/site-packages/site.py
[3.912s] Creating /home/spark/robot_ws/install/my_first_ros_rclpy_pkg/lib/python3.8/site-packages/my-first-ros-rclpy-pkg.egg-link (link to .)
[3.920s] 
[3.920s] Installed /home/spark/robot_ws/build/my_first_ros_rclpy_pkg
[3.921s] running install_data
[3.921s] creating /home/spark/robot_ws/install/my_first_ros_rclpy_pkg/share/ament_index
[3.921s] creating /home/spark/robot_ws/install/my_first_ros_rclpy_pkg/share/ament_index/resource_index
[3.921s] creating /home/spark/robot_ws/install/my_first_ros_rclpy_pkg/share/ament_index/resource_index/packages
[3.921s] copying resource/my_first_ros_rclpy_pkg -> /home/spark/robot_ws/install/my_first_ros_rclpy_pkg/share/ament_index/resource_index/packages
[3.921s] copying package.xml -> /home/spark/robot_ws/install/my_first_ros_rclpy_pkg/share/my_first_ros_rclpy_pkg
[4.030s] Invoked command in '/home/spark/robot_ws/build/my_first_ros_rclpy_pkg' returned '0': PYTHONPATH=/home/spark/robot_ws/build/my_first_ros_rclpy_pkg/prefix_override:/home/spark/robot_ws/install/my_first_ros_rclpy_pkg/lib/python3.8/site-packages:${PYTHONPATH} /usr/bin/python3 setup.py develop --editable --build-directory /home/spark/robot_ws/build/my_first_ros_rclpy_pkg/build --no-deps install_data
