[1.260s] Invoking command in '/home/spark/robot_ws/build/m_pubsub': PYTHONPATH=/home/spark/robot_ws/build/m_pubsub/prefix_override:/home/spark/robot_ws/install/m_pubsub/lib/python3.8/site-packages:${PYTHONPATH} /usr/bin/python3 setup.py develop --editable --build-directory /home/spark/robot_ws/build/m_pubsub/build --no-deps install_data
[1.589s] running develop
[1.780s] running egg_info
[1.781s] writing m_pubsub.egg-info/PKG-INFO
[1.782s] writing dependency_links to m_pubsub.egg-info/dependency_links.txt
[1.783s] writing entry points to m_pubsub.egg-info/entry_points.txt
[1.783s] writing requirements to m_pubsub.egg-info/requires.txt
[1.784s] writing top-level names to m_pubsub.egg-info/top_level.txt
[1.829s] reading manifest file 'm_pubsub.egg-info/SOURCES.txt'
[1.830s] writing manifest file 'm_pubsub.egg-info/SOURCES.txt'
[1.877s] running build_ext
[1.878s] Creating /home/spark/robot_ws/install/m_pubsub/lib/python3.8/site-packages/m-pubsub.egg-link (link to .)
[1.880s] Installing met script to /home/spark/robot_ws/install/m_pubsub/lib/m_pubsub
[1.881s] Installing metp script to /home/spark/robot_ws/install/m_pubsub/lib/m_pubsub
[1.882s] Installing mp script to /home/spark/robot_ws/install/m_pubsub/lib/m_pubsub
[1.883s] Installing ms script to /home/spark/robot_ws/install/m_pubsub/lib/m_pubsub
[1.884s] Installing mt script to /home/spark/robot_ws/install/m_pubsub/lib/m_pubsub
[1.885s] 
[1.885s] Installed /home/spark/robot_ws/build/m_pubsub
[1.885s] running install_data
[1.962s] Invoked command in '/home/spark/robot_ws/build/m_pubsub' returned '0': PYTHONPATH=/home/spark/robot_ws/build/m_pubsub/prefix_override:/home/spark/robot_ws/install/m_pubsub/lib/python3.8/site-packages:${PYTHONPATH} /usr/bin/python3 setup.py develop --editable --build-directory /home/spark/robot_ws/build/m_pubsub/build --no-deps install_data
