[1.184s] Invoking command in '/home/spark/robot_ws/build/m_pubsub': PYTHONPATH=/home/spark/robot_ws/build/m_pubsub/prefix_override:/home/spark/robot_ws/install/m_pubsub/lib/python3.8/site-packages:${PYTHONPATH} /usr/bin/python3 setup.py develop --editable --build-directory /home/spark/robot_ws/build/m_pubsub/build --no-deps install_data
[1.507s] running develop
[1.714s] running egg_info
[1.714s] writing m_pubsub.egg-info/PKG-INFO
[1.714s] writing dependency_links to m_pubsub.egg-info/dependency_links.txt
[1.714s] writing entry points to m_pubsub.egg-info/entry_points.txt
[1.714s] writing requirements to m_pubsub.egg-info/requires.txt
[1.715s] writing top-level names to m_pubsub.egg-info/top_level.txt
[1.759s] reading manifest file 'm_pubsub.egg-info/SOURCES.txt'
[1.760s] writing manifest file 'm_pubsub.egg-info/SOURCES.txt'
[1.811s] running build_ext
[1.811s] Creating /home/spark/robot_ws/install/m_pubsub/lib/python3.8/site-packages/m-pubsub.egg-link (link to .)
[1.813s] Installing met script to /home/spark/robot_ws/install/m_pubsub/lib/m_pubsub
[1.814s] Installing metp script to /home/spark/robot_ws/install/m_pubsub/lib/m_pubsub
[1.814s] Installing mp script to /home/spark/robot_ws/install/m_pubsub/lib/m_pubsub
[1.815s] Installing ms script to /home/spark/robot_ws/install/m_pubsub/lib/m_pubsub
[1.815s] Installing mt script to /home/spark/robot_ws/install/m_pubsub/lib/m_pubsub
[1.816s] 
[1.816s] Installed /home/spark/robot_ws/build/m_pubsub
[1.817s] running install_data
[1.852s] Invoked command in '/home/spark/robot_ws/build/m_pubsub' returned '0': PYTHONPATH=/home/spark/robot_ws/build/m_pubsub/prefix_override:/home/spark/robot_ws/install/m_pubsub/lib/python3.8/site-packages:${PYTHONPATH} /usr/bin/python3 setup.py develop --editable --build-directory /home/spark/robot_ws/build/m_pubsub/build --no-deps install_data
